<?xml version="1.0" encoding="UTF-8"?>
<coverage generated="1596919479423" clover="3.2.0">
  <project timestamp="1596919479423" name="All files">
    <metrics statements="16" coveredstatements="5" conditionals="0" coveredconditionals="0" methods="6" coveredmethods="2" elements="22" coveredelements="7" complexity="0" loc="16" ncloc="16" packages="1" files="2" classes="2"/>
    <file name="Hello.vue" path="C:\Users\de22737\Private Projects\CertificateChainExtractor\frontend\src\components\Hello.vue">
      <metrics statements="14" coveredstatements="4" conditionals="0" coveredconditionals="0" methods="5" coveredmethods="2"/>
      <line num="25" count="1" type="stmt"/>
      <line num="26" count="1" type="stmt"/>
      <line num="30" count="1" type="stmt"/>
      <line num="37" count="0" type="stmt"/>
      <line num="38" count="0" type="stmt"/>
      <line num="40" count="0" type="stmt"/>
      <line num="44" count="0" type="stmt"/>
      <line num="45" count="0" type="stmt"/>
      <line num="46" count="0" type="stmt"/>
      <line num="48" count="0" type="stmt"/>
      <line num="49" count="0" type="stmt"/>
      <line num="51" count="0" type="stmt"/>
      <line num="53" count="0" type="stmt"/>
      <line num="57" count="1" type="stmt"/>
    </file>
    <file name="backend-api.js" path="C:\Users\de22737\Private Projects\CertificateChainExtractor\frontend\src\components\backend-api.js">
      <metrics statements="2" coveredstatements="1" conditionals="0" coveredconditionals="0" methods="1" coveredmethods="0"/>
      <line num="3" count="1" type="stmt"/>
      <line num="11" count="0" type="stmt"/>
    </file>
  </project>
</coverage>
