{"C:\\Users\\de22737\\Private Projects\\CertificateChainExtractor\\frontend\\src\\App.vue": {"path":"C:\\Users\\de22737\\Private Projects\\CertificateChainExtractor\\frontend\\src\\App.vue","statementMap":{"0":{"start":{"line":12,"column":0},"end":{"line":12,"column":null}}},"fnMap":{"0":{"name":"(anonymous_1)","decl":{"start":{"line":11,"column":0},"end":{"line":11,"column":null}},"loc":{"start":{"line":11,"column":0},"end":{"line":15,"column":null}}}},"branchMap":{},"s":{"0":1},"f":{"0":1},"b":{}}
,"C:\\Users\\de22737\\Private Projects\\CertificateChainExtractor\\frontend\\src\\components\\Hello.vue": {"path":"C:\\Users\\de22737\\Private Projects\\CertificateChainExtractor\\frontend\\src\\components\\Hello.vue","statementMap":{"0":{"start":{"line":17,"column":0},"end":{"line":17,"column":null}},"1":{"start":{"line":36,"column":0},"end":{"line":39,"column":null}},"2":{"start":{"line":38,"column":0},"end":{"line":38,"column":null}}},"fnMap":{"0":{"name":"(anonymous_1)","decl":{"start":{"line":35,"column":0},"end":{"line":35,"column":null}},"loc":{"start":{"line":35,"column":0},"end":{"line":40,"column":null}}},"1":{"name":"(anonymous_2)","decl":{"start":{"line":36,"column":0},"end":{"line":36,"column":null}},"loc":{"start":{"line":36,"column":0},"end":{"line":39,"column":null}}}},"branchMap":{},"s":{"0":1,"1":0,"2":0},"f":{"0":0,"1":0},"b":{}}
,"C:\\Users\\de22737\\Private Projects\\CertificateChainExtractor\\frontend\\src\\components\\backend-api.js": {"path":"C:\\Users\\de22737\\Private Projects\\CertificateChainExtractor\\frontend\\src\\components\\backend-api.js","statementMap":{"0":{"start":{"line":3,"column":14},"end":{"line":6,"column":2}},"1":{"start":{"line":11,"column":6},"end":{"line":11,"column":19}}},"fnMap":{"0":{"name":"(anonymous_0)","decl":{"start":{"line":10,"column":4},"end":{"line":10,"column":5}},"loc":{"start":{"line":10,"column":12},"end":{"line":12,"column":5}},"line":10}},"branchMap":{},"s":{"0":1,"1":0},"f":{"0":0},"b":{},"_coverageSchema":"43e27e138ebf9cfc5966b082cf9a028302ed4184","hash":"6da3e0b3361b30b66a4553db3d79ab81a37a2155"}
}
