TN:
SF:C:\Users\de22737\Private Projects\CertificateChainExtractor\frontend\src\components\Hello.vue
FN:29,(anonymous_1)
FN:36,(anonymous_2)
FN:38,(anonymous_3)
FN:43,(anonymous_4)
FN:56,(anonymous_5)
FNF:5
FNH:2
FNDA:1,(anonymous_1)
FNDA:0,(anonymous_2)
FNDA:0,(anonymous_3)
FNDA:0,(anonymous_4)
FNDA:1,(anonymous_5)
DA:25,1
DA:26,1
DA:30,1
DA:37,0
DA:38,0
DA:40,0
DA:44,0
DA:45,0
DA:46,0
DA:48,0
DA:49,0
DA:51,0
DA:53,0
DA:57,1
LF:14
LH:4
BRF:0
BRH:0
end_of_record
TN:
SF:C:\Users\de22737\Private Projects\CertificateChainExtractor\frontend\src\components\backend-api.js
FN:10,(anonymous_0)
FNF:1
FNH:0
FNDA:0,(anonymous_0)
DA:3,1
DA:11,0
LF:2
LH:1
BRF:0
BRH:0
end_of_record
