TN:
SF:C:\Users\de22737\Private Projects\CertificateChainExtractor\frontend\src\App.vue
FN:11,(anonymous_1)
FNF:1
FNH:1
FNDA:1,(anonymous_1)
DA:12,1
LF:1
LH:1
BRF:0
BRH:0
end_of_record
TN:
SF:C:\Users\de22737\Private Projects\CertificateChainExtractor\frontend\src\components\Hello.vue
FN:35,(anonymous_1)
FN:36,(anonymous_2)
FNF:2
FNH:0
FNDA:0,(anonymous_1)
FNDA:0,(anonymous_2)
DA:17,1
DA:36,0
DA:38,0
LF:3
LH:1
BRF:0
BRH:0
end_of_record
TN:
SF:C:\Users\de22737\Private Projects\CertificateChainExtractor\frontend\src\components\backend-api.js
FN:10,(anonymous_0)
FNF:1
FNH:0
FNDA:0,(anonymous_0)
DA:3,1
DA:11,0
LF:2
LH:1
BRF:0
BRH:0
end_of_record
